<?xml version="1.0" encoding="UTF-8"?>
<!-- Generated by org.testng.reporters.JUnitReportReporter -->
<testsuite hostname="IN-MH1LPW101884" failures="0" tests="1" name="runners.TestNGCucumberRunner" time="5.239" errors="0" timestamp="2021-02-22T14:58:03 IST" skipped="0">
  <testcase classname="runners.TestNGCucumberRunner" name="runScenario" time="5.239"/>
  <system-out/>
</testsuite> <!-- runners.TestNGCucumberRunner -->
