<?xml version="1.0" encoding="UTF-8"?>
<!-- Generated by org.testng.reporters.JUnitReportReporter -->
<testsuite hostname="IN-MH1LPW101884" failures="0" tests="1" name="runners.TestNGCucumberRunner" time="4.488" errors="0" timestamp="2021-02-22T15:04:12 IST" skipped="0">
  <testcase classname="runners.TestNGCucumberRunner" name="runScenario" time="4.488"/>
  <system-out/>
</testsuite> <!-- runners.TestNGCucumberRunner -->
